<?xml version="1.0" encoding="UTF-8"?>
<!-- Generated by org.testng.reporters.JUnitReportReporter -->
<testsuite hostname="Gaurav" failures="0" tests="3" name="com.practo.testClasses.PractoTests" time="61.283" errors="0" timestamp="2021-08-20T18:04:30 IST" skipped="0">
  <testcase classname="com.practo.testClasses.PractoTests" name="listOfhospitals" time="33.560"/>
  <system-out/>
  <testcase classname="com.practo.testClasses.PractoTests" name="getTopCities" time="11.637"/>
  <system-out/>
  <testcase classname="com.practo.testClasses.PractoTests" name="fillForm" time="16.086"/>
  <system-out/>
</testsuite> <!-- com.practo.testClasses.PractoTests -->
